<?xml version="1.0" encoding="UTF-8"?>
<!-- Generated by org.testng.reporters.JUnitReportReporter -->
<testsuite hostname="Zixiang" failures="0" tests="1" name="com.android.automation.test1.TestCalcu" time="18.319" errors="0" timestamp="2022-03-06T15:59:00 SGT" skipped="0">
  <testcase classname="com.android.automation.test1.TestCalcu" name="testApiDemo" time="18.319"/>
  <system-out/>
</testsuite> <!-- com.android.automation.test1.TestCalcu -->
