<?xml version="1.0" encoding="UTF-8"?>
<!-- Generated by org.testng.reporters.JUnitReportReporter -->
<testsuite hostname="Zixiang" failures="0" tests="1" name="com.android.automation.test1.TestApiDemo" time="15.138" errors="0" timestamp="2022-03-13T15:21:00 SGT" skipped="0">
  <testcase classname="com.android.automation.test1.TestApiDemo" name="dialer" time="15.138"/>
  <system-out/>
</testsuite> <!-- com.android.automation.test1.TestApiDemo -->
