<?xml version="1.0" encoding="UTF-8"?>
<!-- Generated by org.testng.reporters.JUnitReportReporter -->
<testsuite hostname="Zixiang" failures="0" tests="1" name="android_automation.TestCalcu" time="3.413" errors="0" timestamp="2022-03-05T15:33:06 SGT" skipped="0">
  <testcase classname="android_automation.TestCalcu" name="test" time="3.413"/>
  <system-out/>
</testsuite> <!-- android_automation.TestCalcu -->
