<?xml version="1.0" encoding="UTF-8"?>
<!-- Generated by org.testng.reporters.JUnitReportReporter -->
<testsuite hostname="LIN51013508" failures="0" tests="1" name="com.android.automation.test1.SwiggyAppTest" time="51.850" errors="0" timestamp="2023-01-11T14:57:21 IST" skipped="0">
  <testcase classname="com.android.automation.test1.SwiggyAppTest" name="swiggySearchPage" time="51.850"/>
  <system-out/>
</testsuite> <!-- com.android.automation.test1.SwiggyAppTest -->
